0 info it worked if it ends with ok
1 verbose cli [ '/usr/local/bin/node', '/usr/local/bin/npm', 'publish' ]
2 info using npm@1.2.25
3 info using node@v0.11.3
4 verbose publish [ '.' ]
5 verbose read json /Users/bmcmahen/Development/NPM Packages/itty-bitty-torrent/package.json
6 warn package.json itty-bitty-torrent@0.1 No repository field.
7 error Error: invalid version: 0.1
7 error     at Object.module.exports.fixVersionField (/usr/local/Cellar/node/0.8.21/lib/node_modules/npm/node_modules/read-package-json/node_modules/normalize-package-data/lib/fixer.js:84:13)
7 error     at /usr/local/Cellar/node/0.8.21/lib/node_modules/npm/node_modules/read-package-json/node_modules/normalize-package-data/lib/normalize.js:28:38
7 error     at Array.forEach (native)
7 error     at normalize (/usr/local/Cellar/node/0.8.21/lib/node_modules/npm/node_modules/read-package-json/node_modules/normalize-package-data/lib/normalize.js:27:15)
7 error     at final (/usr/local/Cellar/node/0.8.21/lib/node_modules/npm/node_modules/read-package-json/read-json.js:304:33)
7 error     at then (/usr/local/Cellar/node/0.8.21/lib/node_modules/npm/node_modules/read-package-json/read-json.js:118:48)
7 error     at /usr/local/Cellar/node/0.8.21/lib/node_modules/npm/node_modules/read-package-json/read-json.js:293:40
7 error     at fs.js:253:14
7 error     at Object.oncomplete (fs.js:94:15)
8 error If you need help, you may report this log at:
8 error     <http://github.com/isaacs/npm/issues>
8 error or email it to:
8 error     <npm-@googlegroups.com>
9 error System Darwin 12.4.0
10 error command "/usr/local/bin/node" "/usr/local/bin/npm" "publish"
11 error cwd /Users/bmcmahen/Development/NPM Packages/itty-bitty-torrent
12 error node -v v0.11.3
13 error npm -v 1.2.25
14 verbose exit [ 1, true ]
